<?xml version="1.0" encoding="UTF-8"?>
<testsuite xmlns:xsi="http://www.w3.org/2001/XMLSchema-instance" xsi:noNamespaceSchemaLocation="https://maven.apache.org/surefire/maven-surefire-plugin/xsd/surefire-test-report.xsd" name="letter.grade.AppTest" time="0.151" tests="6" errors="0" skipped="0" failures="0">
  <properties>
[...]
</properties>
  <testcase name="inputSeventyShouldReturnLetterC" classname="letter.grade.AppTest" time="0.008"/>
  <testcase name="inputNinetyShouldReturnLetterA" classname="letter.grade.AppTest" time="0"/>
  <testcase name="inputSixtyShouldReturnLetterD" classname="letter.grade.AppTest" time="0"/>
  <testcase name="inputOneHundredShouldReturnLetterA" classname="letter.grade.AppTest" time="0"/>
  <testcase name="inputZeroShouldReturnLetterF" classname="letter.grade.AppTest" time="0"/>
  <testcase name="inputEightyShouldReturnLetterB" classname="letter.grade.AppTest" time="0"/>
</testsuite>